2022-05-19 07:02:57,089 p=21302 u=vagrant n=ansible | 192.168.56.95 | UNREACHABLE! => {
    "changed": false, 
    "msg": "Failed to connect to the host via ssh: Warning: Permanently added '192.168.56.95' (ECDSA) to the list of known hosts.\r\nPermission denied (publickey,password).", 
    "unreachable": true
}
2022-05-19 07:04:47,056 p=21321 u=vagrant n=ansible | 192.168.56.95 | UNREACHABLE! => {
    "changed": false, 
    "msg": "Failed to connect to the host via ssh: Permission denied (publickey,password).", 
    "unreachable": true
}
2022-05-19 07:04:54,642 p=21334 u=vagrant n=ansible | 192.168.56.96 | UNREACHABLE! => {
    "changed": false, 
    "msg": "Failed to connect to the host via ssh: Warning: Permanently added '192.168.56.96' (ECDSA) to the list of known hosts.\r\nPermission denied (publickey,password).", 
    "unreachable": true
}
2022-05-19 07:05:34,688 p=21348 u=vagrant n=ansible | 192.168.56.95 | UNREACHABLE! => {
    "changed": false, 
    "msg": "Failed to connect to the host via ssh: Permission denied (publickey,password).", 
    "unreachable": true
}
2022-05-19 07:05:34,694 p=21348 u=vagrant n=ansible | 192.168.56.96 | UNREACHABLE! => {
    "changed": false, 
    "msg": "Failed to connect to the host via ssh: Permission denied (publickey,password).", 
    "unreachable": true
}
2022-05-19 07:07:10,380 p=21369 u=vagrant n=ansible | db1 | UNREACHABLE! => {
    "changed": false, 
    "msg": "Failed to connect to the host via ssh: Permission denied (publickey,password).", 
    "unreachable": true
}
2022-05-19 07:08:18,335 p=21384 u=vagrant n=ansible | web1 | UNREACHABLE! => {
    "changed": false, 
    "msg": "Failed to connect to the host via ssh: Permission denied (publickey,password).", 
    "unreachable": true
}
2022-05-19 07:08:29,743 p=21397 u=vagrant n=ansible | web1 | UNREACHABLE! => {
    "changed": false, 
    "msg": "Failed to connect to the host via ssh: Permission denied (publickey,password).", 
    "unreachable": true
}
2022-05-19 07:08:29,751 p=21397 u=vagrant n=ansible | db1 | UNREACHABLE! => {
    "changed": false, 
    "msg": "Failed to connect to the host via ssh: Permission denied (publickey,password).", 
    "unreachable": true
}
2022-05-19 07:08:29,754 p=21397 u=vagrant n=ansible | 192.168.56.96 | UNREACHABLE! => {
    "changed": false, 
    "msg": "Failed to connect to the host via ssh: Permission denied (publickey,password).", 
    "unreachable": true
}
2022-05-19 07:08:29,763 p=21397 u=vagrant n=ansible | 192.168.56.95 | UNREACHABLE! => {
    "changed": false, 
    "msg": "Failed to connect to the host via ssh: Permission denied (publickey,password).", 
    "unreachable": true
}
2022-05-19 07:19:59,864 p=21540 u=vagrant n=ansible | web1 | SUCCESS => {
    "ansible_facts": {
        "discovered_interpreter_python": "/usr/bin/python"
    }, 
    "changed": false, 
    "ping": "pong"
}
2022-05-19 07:19:59,866 p=21540 u=vagrant n=ansible | 192.168.56.95 | SUCCESS => {
    "ansible_facts": {
        "discovered_interpreter_python": "/usr/bin/python"
    }, 
    "changed": false, 
    "ping": "pong"
}
2022-05-19 07:19:59,870 p=21540 u=vagrant n=ansible | 192.168.56.96 | SUCCESS => {
    "ansible_facts": {
        "discovered_interpreter_python": "/usr/bin/python"
    }, 
    "changed": false, 
    "ping": "pong"
}
2022-05-19 07:19:59,872 p=21540 u=vagrant n=ansible | db1 | SUCCESS => {
    "ansible_facts": {
        "discovered_interpreter_python": "/usr/bin/python"
    }, 
    "changed": false, 
    "ping": "pong"
}
2022-05-19 07:20:18,365 p=21604 u=vagrant n=ansible | 192.168.56.95 | SUCCESS => {
    "ansible_facts": {
        "discovered_interpreter_python": "/usr/bin/python"
    }, 
    "changed": false, 
    "ping": "pong"
}
2022-05-19 07:20:26,186 p=21625 u=vagrant n=ansible | 192.168.56.96 | SUCCESS => {
    "ansible_facts": {
        "discovered_interpreter_python": "/usr/bin/python"
    }, 
    "changed": false, 
    "ping": "pong"
}
2022-05-19 14:20:51,383 p=22316 u=vagrant n=ansible | app01 | UNREACHABLE! => {
    "changed": false, 
    "msg": "Failed to connect to the host via ssh: ssh: connect to host 192.168.56.240 port 22: No route to host", 
    "unreachable": true
}
2022-05-19 14:23:19,898 p=22337 u=vagrant n=ansible | 192.168.56.95 | CHANGED | rc=0 >>
NAME="CentOS Linux"
VERSION="7 (Core)"
ID="centos"
ID_LIKE="rhel fedora"
VERSION_ID="7"
PRETTY_NAME="CentOS Linux 7 (Core)"
ANSI_COLOR="0;31"
CPE_NAME="cpe:/o:centos:centos:7"
HOME_URL="https://www.centos.org/"
BUG_REPORT_URL="https://bugs.centos.org/"

CENTOS_MANTISBT_PROJECT="CentOS-7"
CENTOS_MANTISBT_PROJECT_VERSION="7"
REDHAT_SUPPORT_PRODUCT="centos"
REDHAT_SUPPORT_PRODUCT_VERSION="7"

2022-05-19 14:24:18,297 p=22366 u=vagrant n=ansible | 192.168.56.95 | CHANGED | rc=0 >>
NAME="CentOS Linux"
VERSION="7 (Core)"
ID="centos"
ID_LIKE="rhel fedora"
VERSION_ID="7"
PRETTY_NAME="CentOS Linux 7 (Core)"
ANSI_COLOR="0;31"
CPE_NAME="cpe:/o:centos:centos:7"
HOME_URL="https://www.centos.org/"
BUG_REPORT_URL="https://bugs.centos.org/"

CENTOS_MANTISBT_PROJECT="CentOS-7"
CENTOS_MANTISBT_PROJECT_VERSION="7"
REDHAT_SUPPORT_PRODUCT="centos"
REDHAT_SUPPORT_PRODUCT_VERSION="7"

2022-05-19 14:24:18,307 p=22366 u=vagrant n=ansible | web1 | CHANGED | rc=0 >>
NAME="CentOS Linux"
VERSION="7 (Core)"
ID="centos"
ID_LIKE="rhel fedora"
VERSION_ID="7"
PRETTY_NAME="CentOS Linux 7 (Core)"
ANSI_COLOR="0;31"
CPE_NAME="cpe:/o:centos:centos:7"
HOME_URL="https://www.centos.org/"
BUG_REPORT_URL="https://bugs.centos.org/"

CENTOS_MANTISBT_PROJECT="CentOS-7"
CENTOS_MANTISBT_PROJECT_VERSION="7"
REDHAT_SUPPORT_PRODUCT="centos"
REDHAT_SUPPORT_PRODUCT_VERSION="7"

2022-05-19 14:24:18,464 p=22366 u=vagrant n=ansible | 192.168.56.96 | CHANGED | rc=0 >>
NAME="CentOS Linux"
VERSION="7 (Core)"
ID="centos"
ID_LIKE="rhel fedora"
VERSION_ID="7"
PRETTY_NAME="CentOS Linux 7 (Core)"
ANSI_COLOR="0;31"
CPE_NAME="cpe:/o:centos:centos:7"
HOME_URL="https://www.centos.org/"
BUG_REPORT_URL="https://bugs.centos.org/"

CENTOS_MANTISBT_PROJECT="CentOS-7"
CENTOS_MANTISBT_PROJECT_VERSION="7"
REDHAT_SUPPORT_PRODUCT="centos"
REDHAT_SUPPORT_PRODUCT_VERSION="7"

2022-05-19 14:24:18,464 p=22366 u=vagrant n=ansible | db1 | CHANGED | rc=0 >>
NAME="CentOS Linux"
VERSION="7 (Core)"
ID="centos"
ID_LIKE="rhel fedora"
VERSION_ID="7"
PRETTY_NAME="CentOS Linux 7 (Core)"
ANSI_COLOR="0;31"
CPE_NAME="cpe:/o:centos:centos:7"
HOME_URL="https://www.centos.org/"
BUG_REPORT_URL="https://bugs.centos.org/"

CENTOS_MANTISBT_PROJECT="CentOS-7"
CENTOS_MANTISBT_PROJECT_VERSION="7"
REDHAT_SUPPORT_PRODUCT="centos"
REDHAT_SUPPORT_PRODUCT_VERSION="7"

2022-05-19 14:24:20,956 p=22366 u=vagrant n=ansible | app01 | UNREACHABLE! => {
    "changed": false, 
    "msg": "Failed to connect to the host via ssh: ssh: connect to host 192.168.56.240 port 22: No route to host", 
    "unreachable": true
}
2022-05-19 14:26:00,915 p=22432 u=vagrant n=ansible | 192.168.56.96 | SUCCESS => {
    "ansible_facts": {
        "discovered_interpreter_python": "/usr/bin/python"
    }, 
    "changed": false, 
    "ping": "pong"
}
2022-05-19 14:26:00,915 p=22432 u=vagrant n=ansible | 192.168.56.95 | SUCCESS => {
    "ansible_facts": {
        "discovered_interpreter_python": "/usr/bin/python"
    }, 
    "changed": false, 
    "ping": "pong"
}
2022-05-19 14:27:47,075 p=22473 u=vagrant n=ansible | 192.168.56.95 | UNREACHABLE! => {
    "changed": false, 
    "msg": "Failed to connect to the host via ssh: Permission denied (publickey,password).", 
    "unreachable": true
}
2022-05-19 14:32:02,175 p=22489 u=vagrant n=ansible | 192.168.56.95 | CHANGED => {
    "ansible_facts": {
        "discovered_interpreter_python": "/usr/bin/python"
    }, 
    "changed": true, 
    "checksum": "4652de1c0c426714ec2994cbc959034307dcb375", 
    "dest": "/tmp/dev-inv.yml", 
    "gid": 1000, 
    "group": "vagrant", 
    "md5sum": "b34eb7d1653525849fe3fe50a4e2c127", 
    "mode": "0664", 
    "owner": "vagrant", 
    "secontext": "unconfined_u:object_r:user_tmp_t:s0", 
    "size": 251, 
    "src": "/home/vagrant/.ansible/tmp/ansible-tmp-1652970721.45-22497-52470867368033/source", 
    "state": "file", 
    "uid": 1000
}
2022-05-19 14:33:15,172 p=22527 u=vagrant n=ansible | 192.168.56.95 | CHANGED | rc=0 >>
3.10.0-1160.53.1.el7.x86_64

2022-05-19 14:33:27,889 p=22551 u=vagrant n=ansible | 192.168.56.95 | CHANGED | rc=0 >>
3.10.0-1160.53.1.el7.x86_64

2022-05-19 14:33:28,054 p=22551 u=vagrant n=ansible | 192.168.56.96 | CHANGED | rc=0 >>
3.10.0-1160.53.1.el7.x86_64

2022-05-19 15:19:05,912 p=22645 u=vagrant n=ansible | [WARNING]: Could not match supplied host pattern, ignoring: atlante

2022-05-19 15:19:05,912 p=22645 u=vagrant n=ansible | playbook: firstplay.yml
2022-05-19 15:20:27,208 p=22655 u=vagrant n=ansible | playbook: firstplay.yml
2022-05-19 15:20:37,368 p=22663 u=vagrant n=ansible | PLAY [atlanta] *****************************************************************************************
2022-05-19 15:20:37,374 p=22663 u=vagrant n=ansible | TASK [Gathering Facts] *********************************************************************************
2022-05-19 15:20:38,250 p=22663 u=vagrant n=ansible | ok: [192.168.56.96]
2022-05-19 15:20:38,263 p=22663 u=vagrant n=ansible | ok: [192.168.56.95]
2022-05-19 15:20:38,271 p=22663 u=vagrant n=ansible | TASK [Create user] *************************************************************************************
2022-05-19 15:20:38,603 p=22663 u=vagrant n=ansible | fatal: [192.168.56.95]: FAILED! => {"changed": false, "msg": "useradd: Permission denied.\nuseradd: cannot lock /etc/passwd; try again later.\n", "name": "u5bt", "rc": 1}
2022-05-19 15:20:38,606 p=22663 u=vagrant n=ansible | fatal: [192.168.56.96]: FAILED! => {"changed": false, "msg": "useradd: Permission denied.\nuseradd: cannot lock /etc/passwd; try again later.\n", "name": "u5bt", "rc": 1}
2022-05-19 15:20:38,607 p=22663 u=vagrant n=ansible | PLAY RECAP *********************************************************************************************
2022-05-19 15:20:38,607 p=22663 u=vagrant n=ansible | 192.168.56.95              : ok=1    changed=0    unreachable=0    failed=1    skipped=0    rescued=0    ignored=0   
2022-05-19 15:20:38,607 p=22663 u=vagrant n=ansible | 192.168.56.96              : ok=1    changed=0    unreachable=0    failed=1    skipped=0    rescued=0    ignored=0   
2022-05-19 15:22:23,083 p=22720 u=vagrant n=ansible | ansible-playbook 2.9.27
  config file = /home/vagrant/ansible.cfg
  configured module search path = [u'/home/vagrant/.ansible/plugins/modules', u'/usr/share/ansible/plugins/modules']
  ansible python module location = /usr/lib/python2.7/site-packages/ansible
  executable location = /usr/bin/ansible-playbook
  python version = 2.7.5 (default, Nov 16 2020, 22:23:17) [GCC 4.8.5 20150623 (Red Hat 4.8.5-44)]
2022-05-19 15:22:23,084 p=22720 u=vagrant n=ansible | Using /home/vagrant/ansible.cfg as config file
2022-05-19 15:22:23,294 p=22720 u=vagrant n=ansible | Skipping callback 'actionable', as we already have a stdout callback.
2022-05-19 15:22:23,294 p=22720 u=vagrant n=ansible | Skipping callback 'counter_enabled', as we already have a stdout callback.
2022-05-19 15:22:23,294 p=22720 u=vagrant n=ansible | Skipping callback 'debug', as we already have a stdout callback.
2022-05-19 15:22:23,294 p=22720 u=vagrant n=ansible | Skipping callback 'dense', as we already have a stdout callback.
2022-05-19 15:22:23,294 p=22720 u=vagrant n=ansible | Skipping callback 'dense', as we already have a stdout callback.
2022-05-19 15:22:23,294 p=22720 u=vagrant n=ansible | Skipping callback 'full_skip', as we already have a stdout callback.
2022-05-19 15:22:23,295 p=22720 u=vagrant n=ansible | Skipping callback 'json', as we already have a stdout callback.
2022-05-19 15:22:23,295 p=22720 u=vagrant n=ansible | Skipping callback 'minimal', as we already have a stdout callback.
2022-05-19 15:22:23,295 p=22720 u=vagrant n=ansible | Skipping callback 'null', as we already have a stdout callback.
2022-05-19 15:22:23,295 p=22720 u=vagrant n=ansible | Skipping callback 'oneline', as we already have a stdout callback.
2022-05-19 15:22:23,295 p=22720 u=vagrant n=ansible | Skipping callback 'selective', as we already have a stdout callback.
2022-05-19 15:22:23,295 p=22720 u=vagrant n=ansible | Skipping callback 'skippy', as we already have a stdout callback.
2022-05-19 15:22:23,295 p=22720 u=vagrant n=ansible | Skipping callback 'stderr', as we already have a stdout callback.
2022-05-19 15:22:23,295 p=22720 u=vagrant n=ansible | Skipping callback 'unixy', as we already have a stdout callback.
2022-05-19 15:22:23,295 p=22720 u=vagrant n=ansible | Skipping callback 'yaml', as we already have a stdout callback.
2022-05-19 15:22:23,295 p=22720 u=vagrant n=ansible | PLAYBOOK: firstplay.yml ********************************************************************************
2022-05-19 15:22:23,295 p=22720 u=vagrant n=ansible | 1 plays in firstplay.yml
2022-05-19 15:22:23,298 p=22720 u=vagrant n=ansible | PLAY [atlanta] *****************************************************************************************
2022-05-19 15:22:23,305 p=22720 u=vagrant n=ansible | TASK [Gathering Facts] *********************************************************************************
2022-05-19 15:22:24,152 p=22720 u=vagrant n=ansible | ok: [192.168.56.95]
2022-05-19 15:22:24,157 p=22720 u=vagrant n=ansible | ok: [192.168.56.96]
2022-05-19 15:22:24,158 p=22720 u=vagrant n=ansible | META: ran handlers
2022-05-19 15:22:24,165 p=22720 u=vagrant n=ansible | TASK [Create user] *************************************************************************************
2022-05-19 15:22:24,503 p=22720 u=vagrant n=ansible | fatal: [192.168.56.95]: FAILED! => {"changed": false, "msg": "useradd: Permission denied.\nuseradd: cannot lock /etc/passwd; try again later.\n", "name": "u5bt", "rc": 1}
2022-05-19 15:22:24,516 p=22720 u=vagrant n=ansible | fatal: [192.168.56.96]: FAILED! => {"changed": false, "msg": "useradd: Permission denied.\nuseradd: cannot lock /etc/passwd; try again later.\n", "name": "u5bt", "rc": 1}
2022-05-19 15:22:24,517 p=22720 u=vagrant n=ansible | PLAY RECAP *********************************************************************************************
2022-05-19 15:22:24,517 p=22720 u=vagrant n=ansible | 192.168.56.95              : ok=1    changed=0    unreachable=0    failed=1    skipped=0    rescued=0    ignored=0   
2022-05-19 15:22:24,517 p=22720 u=vagrant n=ansible | 192.168.56.96              : ok=1    changed=0    unreachable=0    failed=1    skipped=0    rescued=0    ignored=0   
2022-05-19 15:24:19,981 p=22779 u=vagrant n=ansible | PLAY [atlanta] *****************************************************************************************
2022-05-19 15:24:19,988 p=22779 u=vagrant n=ansible | TASK [Gathering Facts] *********************************************************************************
2022-05-19 15:24:20,918 p=22779 u=vagrant n=ansible | ok: [192.168.56.96]
2022-05-19 15:24:21,951 p=22779 u=vagrant n=ansible | ok: [192.168.56.95]
2022-05-19 15:24:21,958 p=22779 u=vagrant n=ansible | TASK [Create user] *************************************************************************************
2022-05-19 15:24:22,325 p=22779 u=vagrant n=ansible | changed: [192.168.56.95]
2022-05-19 15:24:22,326 p=22779 u=vagrant n=ansible | changed: [192.168.56.96]
2022-05-19 15:24:22,334 p=22779 u=vagrant n=ansible | TASK [Create file] *************************************************************************************
2022-05-19 15:24:22,633 p=22779 u=vagrant n=ansible | changed: [192.168.56.96]
2022-05-19 15:24:22,633 p=22779 u=vagrant n=ansible | changed: [192.168.56.95]
2022-05-19 15:24:22,642 p=22779 u=vagrant n=ansible | TASK [Create file] *************************************************************************************
2022-05-19 15:24:22,858 p=22779 u=vagrant n=ansible | changed: [192.168.56.95]
2022-05-19 15:24:22,876 p=22779 u=vagrant n=ansible | changed: [192.168.56.96]
2022-05-19 15:24:22,884 p=22779 u=vagrant n=ansible | TASK [Install apache] **********************************************************************************
2022-05-19 15:24:39,122 p=22779 u=vagrant n=ansible | changed: [192.168.56.96]
2022-05-19 15:24:43,115 p=22779 u=vagrant n=ansible | changed: [192.168.56.95]
2022-05-19 15:24:43,123 p=22779 u=vagrant n=ansible | TASK [syart apache daemon] *****************************************************************************
2022-05-19 15:24:43,564 p=22779 u=vagrant n=ansible | fatal: [192.168.56.96]: FAILED! => {"changed": false, "msg": "Unsupported parameters for (systemd) module: enable Supported parameters include: daemon_reexec, daemon_reload, enabled, force, masked, name, no_block, scope, state, user"}
2022-05-19 15:24:43,564 p=22779 u=vagrant n=ansible | fatal: [192.168.56.95]: FAILED! => {"changed": false, "msg": "Unsupported parameters for (systemd) module: enable Supported parameters include: daemon_reexec, daemon_reload, enabled, force, masked, name, no_block, scope, state, user"}
2022-05-19 15:24:43,565 p=22779 u=vagrant n=ansible | PLAY RECAP *********************************************************************************************
2022-05-19 15:24:43,565 p=22779 u=vagrant n=ansible | 192.168.56.95              : ok=5    changed=4    unreachable=0    failed=1    skipped=0    rescued=0    ignored=0   
2022-05-19 15:24:43,565 p=22779 u=vagrant n=ansible | 192.168.56.96              : ok=5    changed=4    unreachable=0    failed=1    skipped=0    rescued=0    ignored=0   
2022-05-19 15:26:53,067 p=22908 u=vagrant n=ansible | PLAY [atlanta] *****************************************************************************************
2022-05-19 15:26:53,073 p=22908 u=vagrant n=ansible | TASK [Gathering Facts] *********************************************************************************
2022-05-19 15:26:53,982 p=22908 u=vagrant n=ansible | ok: [192.168.56.95]
2022-05-19 15:26:53,988 p=22908 u=vagrant n=ansible | ok: [192.168.56.96]
2022-05-19 15:26:53,997 p=22908 u=vagrant n=ansible | TASK [Create user] *************************************************************************************
2022-05-19 15:26:54,354 p=22908 u=vagrant n=ansible | ok: [192.168.56.96]
2022-05-19 15:26:54,361 p=22908 u=vagrant n=ansible | ok: [192.168.56.95]
2022-05-19 15:26:54,369 p=22908 u=vagrant n=ansible | TASK [Create file] *************************************************************************************
2022-05-19 15:26:54,670 p=22908 u=vagrant n=ansible | changed: [192.168.56.95]
2022-05-19 15:26:54,674 p=22908 u=vagrant n=ansible | changed: [192.168.56.96]
2022-05-19 15:26:54,682 p=22908 u=vagrant n=ansible | TASK [Create file] *************************************************************************************
2022-05-19 15:26:54,894 p=22908 u=vagrant n=ansible | ok: [192.168.56.95]
2022-05-19 15:26:54,900 p=22908 u=vagrant n=ansible | ok: [192.168.56.96]
2022-05-19 15:26:54,909 p=22908 u=vagrant n=ansible | TASK [Install apache] **********************************************************************************
2022-05-19 15:26:55,420 p=22908 u=vagrant n=ansible | ok: [192.168.56.96]
2022-05-19 15:26:55,429 p=22908 u=vagrant n=ansible | ok: [192.168.56.95]
2022-05-19 15:26:55,439 p=22908 u=vagrant n=ansible | TASK [syart apache daemon] *****************************************************************************
2022-05-19 15:26:55,912 p=22908 u=vagrant n=ansible | fatal: [192.168.56.95]: FAILED! => {"changed": false, "msg": "Unsupported parameters for (systemd) module: enable Supported parameters include: daemon_reexec, daemon_reload, enabled, force, masked, name, no_block, scope, state, user"}
2022-05-19 15:26:55,912 p=22908 u=vagrant n=ansible | fatal: [192.168.56.96]: FAILED! => {"changed": false, "msg": "Unsupported parameters for (systemd) module: enable Supported parameters include: daemon_reexec, daemon_reload, enabled, force, masked, name, no_block, scope, state, user"}
2022-05-19 15:26:55,913 p=22908 u=vagrant n=ansible | PLAY RECAP *********************************************************************************************
2022-05-19 15:26:55,913 p=22908 u=vagrant n=ansible | 192.168.56.95              : ok=5    changed=1    unreachable=0    failed=1    skipped=0    rescued=0    ignored=0   
2022-05-19 15:26:55,914 p=22908 u=vagrant n=ansible | 192.168.56.96              : ok=5    changed=1    unreachable=0    failed=1    skipped=0    rescued=0    ignored=0   
2022-05-19 15:28:27,394 p=23038 u=vagrant n=ansible | PLAY [atlanta] *****************************************************************************************
2022-05-19 15:28:27,400 p=23038 u=vagrant n=ansible | TASK [Gathering Facts] *********************************************************************************
2022-05-19 15:28:28,297 p=23038 u=vagrant n=ansible | ok: [192.168.56.96]
2022-05-19 15:28:29,833 p=23038 u=vagrant n=ansible | ok: [192.168.56.95]
2022-05-19 15:28:29,842 p=23038 u=vagrant n=ansible | TASK [Create user] *************************************************************************************
2022-05-19 15:28:30,175 p=23038 u=vagrant n=ansible | ok: [192.168.56.96]
2022-05-19 15:28:30,180 p=23038 u=vagrant n=ansible | ok: [192.168.56.95]
2022-05-19 15:28:30,188 p=23038 u=vagrant n=ansible | TASK [Create file] *************************************************************************************
2022-05-19 15:28:30,486 p=23038 u=vagrant n=ansible | changed: [192.168.56.96]
2022-05-19 15:28:30,492 p=23038 u=vagrant n=ansible | changed: [192.168.56.95]
2022-05-19 15:28:30,500 p=23038 u=vagrant n=ansible | TASK [Create file] *************************************************************************************
2022-05-19 15:28:30,711 p=23038 u=vagrant n=ansible | ok: [192.168.56.95]
2022-05-19 15:28:30,719 p=23038 u=vagrant n=ansible | ok: [192.168.56.96]
2022-05-19 15:28:30,727 p=23038 u=vagrant n=ansible | TASK [Install apache] **********************************************************************************
2022-05-19 15:28:31,250 p=23038 u=vagrant n=ansible | ok: [192.168.56.96]
2022-05-19 15:28:31,260 p=23038 u=vagrant n=ansible | ok: [192.168.56.95]
2022-05-19 15:28:31,269 p=23038 u=vagrant n=ansible | TASK [syart apache daemon] *****************************************************************************
2022-05-19 15:28:31,858 p=23038 u=vagrant n=ansible | changed: [192.168.56.96]
2022-05-19 15:28:31,860 p=23038 u=vagrant n=ansible | changed: [192.168.56.95]
2022-05-19 15:28:31,861 p=23038 u=vagrant n=ansible | PLAY RECAP *********************************************************************************************
2022-05-19 15:28:31,861 p=23038 u=vagrant n=ansible | 192.168.56.95              : ok=6    changed=2    unreachable=0    failed=0    skipped=0    rescued=0    ignored=0   
2022-05-19 15:28:31,862 p=23038 u=vagrant n=ansible | 192.168.56.96              : ok=6    changed=2    unreachable=0    failed=0    skipped=0    rescued=0    ignored=0   
2022-05-19 16:02:50,521 p=23276 u=vagrant n=ansible | PLAY [webserver] ***************************************************************************************
2022-05-19 16:02:50,529 p=23276 u=vagrant n=ansible | TASK [Gathering Facts] *********************************************************************************
2022-05-19 16:02:51,538 p=23276 u=vagrant n=ansible | ok: [192.168.56.95]
2022-05-19 16:02:51,547 p=23276 u=vagrant n=ansible | TASK [java : Include OS-specific variables for Fedora or FreeBSD.] *************************************
2022-05-19 16:02:51,572 p=23276 u=vagrant n=ansible | skipping: [192.168.56.95]
2022-05-19 16:02:51,581 p=23276 u=vagrant n=ansible | TASK [java : Include version-specific variables for CentOS/RHEL.] **************************************
2022-05-19 16:02:51,612 p=23276 u=vagrant n=ansible | ok: [192.168.56.95]
2022-05-19 16:02:51,620 p=23276 u=vagrant n=ansible | TASK [java : Include version-specific variables for Ubuntu.] *******************************************
2022-05-19 16:02:51,649 p=23276 u=vagrant n=ansible | skipping: [192.168.56.95]
2022-05-19 16:02:51,658 p=23276 u=vagrant n=ansible | TASK [java : Include version-specific variables for Debian.] *******************************************
2022-05-19 16:02:51,682 p=23276 u=vagrant n=ansible | skipping: [192.168.56.95]
2022-05-19 16:02:51,691 p=23276 u=vagrant n=ansible | TASK [Define java_packages.] ***************************************************************************
2022-05-19 16:02:51,720 p=23276 u=vagrant n=ansible | ok: [192.168.56.95]
2022-05-19 16:02:51,729 p=23276 u=vagrant n=ansible | TASK [java : include_tasks] ****************************************************************************
2022-05-19 16:02:51,764 p=23276 u=vagrant n=ansible | included: /home/vagrant/roles/java/tasks/setup-RedHat.yml for 192.168.56.95
2022-05-19 16:02:51,775 p=23276 u=vagrant n=ansible | TASK [java : Ensure Java is installed.] ****************************************************************
2022-05-19 16:03:12,485 p=23276 u=vagrant n=ansible | changed: [192.168.56.95]
2022-05-19 16:03:12,495 p=23276 u=vagrant n=ansible | TASK [java : include_tasks] ****************************************************************************
2022-05-19 16:03:12,520 p=23276 u=vagrant n=ansible | skipping: [192.168.56.95]
2022-05-19 16:03:12,529 p=23276 u=vagrant n=ansible | TASK [java : include_tasks] ****************************************************************************
2022-05-19 16:03:12,555 p=23276 u=vagrant n=ansible | skipping: [192.168.56.95]
2022-05-19 16:03:12,565 p=23276 u=vagrant n=ansible | TASK [java : Set JAVA_HOME if configured.] *************************************************************
2022-05-19 16:03:12,590 p=23276 u=vagrant n=ansible | skipping: [192.168.56.95]
2022-05-19 16:03:12,591 p=23276 u=vagrant n=ansible | PLAY RECAP *********************************************************************************************
2022-05-19 16:03:12,592 p=23276 u=vagrant n=ansible | 192.168.56.95              : ok=5    changed=1    unreachable=0    failed=0    skipped=6    rescued=0    ignored=0   
2022-05-19 16:10:48,335 p=23328 u=vagrant n=ansible | PLAY [webserver] ****************************************************************
2022-05-19 16:10:48,343 p=23328 u=vagrant n=ansible | TASK [Gathering Facts] **********************************************************
2022-05-19 16:10:49,309 p=23328 u=vagrant n=ansible | ok: [192.168.56.95]
2022-05-19 16:10:49,318 p=23328 u=vagrant n=ansible | TASK [java : Include OS-specific variables for Fedora or FreeBSD.] **************
2022-05-19 16:10:49,344 p=23328 u=vagrant n=ansible | skipping: [192.168.56.95]
2022-05-19 16:10:49,353 p=23328 u=vagrant n=ansible | TASK [java : Include version-specific variables for CentOS/RHEL.] ***************
2022-05-19 16:10:49,383 p=23328 u=vagrant n=ansible | ok: [192.168.56.95]
2022-05-19 16:10:49,391 p=23328 u=vagrant n=ansible | TASK [java : Include version-specific variables for Ubuntu.] ********************
2022-05-19 16:10:49,418 p=23328 u=vagrant n=ansible | skipping: [192.168.56.95]
2022-05-19 16:10:49,426 p=23328 u=vagrant n=ansible | TASK [java : Include version-specific variables for Debian.] ********************
2022-05-19 16:10:49,451 p=23328 u=vagrant n=ansible | skipping: [192.168.56.95]
2022-05-19 16:10:49,461 p=23328 u=vagrant n=ansible | TASK [Define java_packages.] ****************************************************
2022-05-19 16:10:49,491 p=23328 u=vagrant n=ansible | ok: [192.168.56.95]
2022-05-19 16:10:49,500 p=23328 u=vagrant n=ansible | TASK [java : include_tasks] *****************************************************
2022-05-19 16:10:49,535 p=23328 u=vagrant n=ansible | included: /home/vagrant/roles/java/tasks/setup-RedHat.yml for 192.168.56.95
2022-05-19 16:10:49,545 p=23328 u=vagrant n=ansible | TASK [java : Ensure Java is installed.] *****************************************
2022-05-19 16:10:50,116 p=23328 u=vagrant n=ansible | ok: [192.168.56.95]
2022-05-19 16:10:50,125 p=23328 u=vagrant n=ansible | TASK [java : include_tasks] *****************************************************
2022-05-19 16:10:50,152 p=23328 u=vagrant n=ansible | skipping: [192.168.56.95]
2022-05-19 16:10:50,161 p=23328 u=vagrant n=ansible | TASK [java : include_tasks] *****************************************************
2022-05-19 16:10:50,186 p=23328 u=vagrant n=ansible | skipping: [192.168.56.95]
2022-05-19 16:10:50,195 p=23328 u=vagrant n=ansible | TASK [java : Set JAVA_HOME if configured.] **************************************
2022-05-19 16:10:50,222 p=23328 u=vagrant n=ansible | skipping: [192.168.56.95]
2022-05-19 16:10:50,224 p=23328 u=vagrant n=ansible | PLAY RECAP **********************************************************************
2022-05-19 16:10:50,224 p=23328 u=vagrant n=ansible | 192.168.56.95              : ok=5    changed=0    unreachable=0    failed=0    skipped=6    rescued=0    ignored=0   
2022-05-19 16:11:19,196 p=23382 u=vagrant n=ansible | 192.168.56.95 | SUCCESS => {
    "ansible_facts": {
        "ansible_all_ipv4_addresses": [
            "10.0.2.15", 
            "192.168.56.95"
        ], 
        "ansible_all_ipv6_addresses": [
            "fe80::a00:27ff:feda:d590", 
            "fe80::a00:27ff:fe03:10d3"
        ], 
        "ansible_apparmor": {
            "status": "disabled"
        }, 
        "ansible_architecture": "x86_64", 
        "ansible_bios_date": "12/01/2006", 
        "ansible_bios_version": "VirtualBox", 
        "ansible_cmdline": {
            "BOOT_IMAGE": "/vmlinuz-3.10.0-1160.53.1.el7.x86_64", 
            "LANG": "en_US.UTF-8", 
            "crashkernel": "auto", 
            "quiet": true, 
            "rd.lvm.lv": "centos/swap", 
            "rhgb": true, 
            "ro": true, 
            "root": "/dev/mapper/centos-root"
        }, 
        "ansible_date_time": {
            "date": "2022-05-19", 
            "day": "19", 
            "epoch": "1652976679", 
            "hour": "16", 
            "iso8601": "2022-05-19T16:11:19Z", 
            "iso8601_basic": "20220519T161119136875", 
            "iso8601_basic_short": "20220519T161119", 
            "iso8601_micro": "2022-05-19T16:11:19.136875Z", 
            "minute": "11", 
            "month": "05", 
            "second": "19", 
            "time": "16:11:19", 
            "tz": "UTC", 
            "tz_offset": "+0000", 
            "weekday": "Thursday", 
            "weekday_number": "4", 
            "weeknumber": "20", 
            "year": "2022"
        }, 
        "ansible_default_ipv4": {
            "address": "10.0.2.15", 
            "alias": "enp0s3", 
            "broadcast": "10.0.2.255", 
            "gateway": "10.0.2.2", 
            "interface": "enp0s3", 
            "macaddress": "08:00:27:da:d5:90", 
            "mtu": 1500, 
            "netmask": "255.255.255.0", 
            "network": "10.0.2.0", 
            "type": "ether"
        }, 
        "ansible_default_ipv6": {}, 
        "ansible_device_links": {
            "ids": {
                "dm-0": [
                    "dm-name-centos-root", 
                    "dm-uuid-LVM-9ixr2YTXRkjMvJwYVFFFY8ePmpQcqGRqoYGQ8kZsH8kvtq8esXx3vPaBb8lleKKd"
                ], 
                "dm-1": [
                    "dm-name-centos-swap", 
                    "dm-uuid-LVM-9ixr2YTXRkjMvJwYVFFFY8ePmpQcqGRqt6iP09oy799IDCcUXX5On0C91Yn7gYE1"
                ], 
                "dm-2": [
                    "dm-name-centos-home", 
                    "dm-uuid-LVM-9ixr2YTXRkjMvJwYVFFFY8ePmpQcqGRqJBbSS1xfqfvf9LhYNdhFh6ASXWTNmwaw"
                ], 
                "sda": [
                    "ata-VBOX_HARDDISK_VBc4feb9a0-e57c41cb"
                ], 
                "sda1": [
                    "ata-VBOX_HARDDISK_VBc4feb9a0-e57c41cb-part1"
                ], 
                "sda2": [
                    "ata-VBOX_HARDDISK_VBc4feb9a0-e57c41cb-part2", 
                    "lvm-pv-uuid-d8yYL2-qFfn-pp28-5LKM-WAaO-gtAG-nwy7WZ"
                ]
            }, 
            "labels": {}, 
            "masters": {
                "sda2": [
                    "dm-0", 
                    "dm-1", 
                    "dm-2"
                ]
            }, 
            "uuids": {
                "dm-0": [
                    "847afee3-1bb9-40cc-b24b-cfc75be602be"
                ], 
                "dm-1": [
                    "1141bd8a-ecb6-47b1-a7f3-7c139070fce6"
                ], 
                "dm-2": [
                    "b64e0ff7-a036-4b28-865e-3470d5d84d73"
                ], 
                "sda1": [
                    "fe0902df-9a47-46c7-87e6-cd19d397f424"
                ]
            }
        }, 
        "ansible_devices": {
            "dm-0": {
                "holders": [], 
                "host": "", 
                "links": {
                    "ids": [
                        "dm-name-centos-root", 
                        "dm-uuid-LVM-9ixr2YTXRkjMvJwYVFFFY8ePmpQcqGRqoYGQ8kZsH8kvtq8esXx3vPaBb8lleKKd"
                    ], 
                    "labels": [], 
                    "masters": [], 
                    "uuids": [
                        "847afee3-1bb9-40cc-b24b-cfc75be602be"
                    ]
                }, 
                "model": null, 
                "partitions": {}, 
                "removable": "0", 
                "rotational": "1", 
                "sas_address": null, 
                "sas_device_handle": null, 
                "scheduler_mode": "", 
                "sectors": "104857600", 
                "sectorsize": "512", 
                "size": "50.00 GB", 
                "support_discard": "0", 
                "vendor": null, 
                "virtual": 1
            }, 
            "dm-1": {
                "holders": [], 
                "host": "", 
                "links": {
                    "ids": [
                        "dm-name-centos-swap", 
                        "dm-uuid-LVM-9ixr2YTXRkjMvJwYVFFFY8ePmpQcqGRqt6iP09oy799IDCcUXX5On0C91Yn7gYE1"
                    ], 
                    "labels": [], 
                    "masters": [], 
                    "uuids": [
                        "1141bd8a-ecb6-47b1-a7f3-7c139070fce6"
                    ]
                }, 
                "model": null, 
                "partitions": {}, 
                "removable": "0", 
                "rotational": "1", 
                "sas_address": null, 
                "sas_device_handle": null, 
                "scheduler_mode": "", 
                "sectors": "2097152", 
                "sectorsize": "512", 
                "size": "1.00 GB", 
                "support_discard": "0", 
                "vendor": null, 
                "virtual": 1
            }, 
            "dm-2": {
                "holders": [], 
                "host": "", 
                "links": {
                    "ids": [
                        "dm-name-centos-home", 
                        "dm-uuid-LVM-9ixr2YTXRkjMvJwYVFFFY8ePmpQcqGRqJBbSS1xfqfvf9LhYNdhFh6ASXWTNmwaw"
                    ], 
                    "labels": [], 
                    "masters": [], 
                    "uuids": [
                        "b64e0ff7-a036-4b28-865e-3470d5d84d73"
                    ]
                }, 
                "model": null, 
                "partitions": {}, 
                "removable": "0", 
                "rotational": "1", 
                "sas_address": null, 
                "sas_device_handle": null, 
                "scheduler_mode": "", 
                "sectors": "58703872", 
                "sectorsize": "512", 
                "size": "27.99 GB", 
                "support_discard": "0", 
                "vendor": null, 
                "virtual": 1
            }, 
            "sda": {
                "holders": [], 
                "host": "", 
                "links": {
                    "ids": [
                        "ata-VBOX_HARDDISK_VBc4feb9a0-e57c41cb"
                    ], 
                    "labels": [], 
                    "masters": [], 
                    "uuids": []
                }, 
                "model": "VBOX HARDDISK", 
                "partitions": {
                    "sda1": {
                        "holders": [], 
                        "links": {
                            "ids": [
                                "ata-VBOX_HARDDISK_VBc4feb9a0-e57c41cb-part1"
                            ], 
                            "labels": [], 
                            "masters": [], 
                            "uuids": [
                                "fe0902df-9a47-46c7-87e6-cd19d397f424"
                            ]
                        }, 
                        "sectors": "2097152", 
                        "sectorsize": 512, 
                        "size": "1.00 GB", 
                        "start": "2048", 
                        "uuid": "fe0902df-9a47-46c7-87e6-cd19d397f424"
                    }, 
                    "sda2": {
                        "holders": [
                            "centos-root", 
                            "centos-swap", 
                            "centos-home"
                        ], 
                        "links": {
                            "ids": [
                                "ata-VBOX_HARDDISK_VBc4feb9a0-e57c41cb-part2", 
                                "lvm-pv-uuid-d8yYL2-qFfn-pp28-5LKM-WAaO-gtAG-nwy7WZ"
                            ], 
                            "labels": [], 
                            "masters": [
                                "dm-0", 
                                "dm-1", 
                                "dm-2"
                            ], 
                            "uuids": []
                        }, 
                        "sectors": "165672960", 
                        "sectorsize": 512, 
                        "size": "79.00 GB", 
                        "start": "2099200", 
                        "uuid": null
                    }
                }, 
                "removable": "0", 
                "rotational": "1", 
                "sas_address": null, 
                "sas_device_handle": null, 
                "scheduler_mode": "deadline", 
                "sectors": "167772160", 
                "sectorsize": "512", 
                "size": "80.00 GB", 
                "support_discard": "0", 
                "vendor": "ATA", 
                "virtual": 1
            }
        }, 
        "ansible_distribution": "CentOS", 
        "ansible_distribution_file_parsed": true, 
        "ansible_distribution_file_path": "/etc/redhat-release", 
        "ansible_distribution_file_variety": "RedHat", 
        "ansible_distribution_major_version": "7", 
        "ansible_distribution_release": "Core", 
        "ansible_distribution_version": "7.9", 
        "ansible_dns": {
            "nameservers": [
                "10.0.2.3"
            ], 
            "options": {
                "single-request-reopen": true
            }, 
            "search": [
                "hsd1.tx.comcast.net"
            ]
        }, 
        "ansible_domain": "", 
        "ansible_effective_group_id": 1000, 
        "ansible_effective_user_id": 1000, 
        "ansible_enp0s3": {
            "active": true, 
            "device": "enp0s3", 
            "features": {
                "busy_poll": "off [fixed]", 
                "fcoe_mtu": "off [fixed]", 
                "generic_receive_offload": "on", 
                "generic_segmentation_offload": "on", 
                "highdma": "off [fixed]", 
                "hw_tc_offload": "off [fixed]", 
                "l2_fwd_offload": "off [fixed]", 
                "large_receive_offload": "off [fixed]", 
                "loopback": "off [fixed]", 
                "netns_local": "off [fixed]", 
                "ntuple_filters": "off [fixed]", 
                "receive_hashing": "off [fixed]", 
                "rx_all": "off", 
                "rx_checksumming": "off", 
                "rx_fcs": "off", 
                "rx_gro_hw": "off [fixed]", 
                "rx_udp_tunnel_port_offload": "off [fixed]", 
                "rx_vlan_filter": "on [fixed]", 
                "rx_vlan_offload": "on", 
                "rx_vlan_stag_filter": "off [fixed]", 
                "rx_vlan_stag_hw_parse": "off [fixed]", 
                "scatter_gather": "on", 
                "tcp_segmentation_offload": "on", 
                "tx_checksum_fcoe_crc": "off [fixed]", 
                "tx_checksum_ip_generic": "on", 
                "tx_checksum_ipv4": "off [fixed]", 
                "tx_checksum_ipv6": "off [fixed]", 
                "tx_checksum_sctp": "off [fixed]", 
                "tx_checksumming": "on", 
                "tx_fcoe_segmentation": "off [fixed]", 
                "tx_gre_csum_segmentation": "off [fixed]", 
                "tx_gre_segmentation": "off [fixed]", 
                "tx_gso_partial": "off [fixed]", 
                "tx_gso_robust": "off [fixed]", 
                "tx_ipip_segmentation": "off [fixed]", 
                "tx_lockless": "off [fixed]", 
                "tx_nocache_copy": "off", 
                "tx_scatter_gather": "on", 
                "tx_scatter_gather_fraglist": "off [fixed]", 
                "tx_sctp_segmentation": "off [fixed]", 
                "tx_sit_segmentation": "off [fixed]", 
                "tx_tcp6_segmentation": "off [fixed]", 
                "tx_tcp_ecn_segmentation": "off [fixed]", 
                "tx_tcp_mangleid_segmentation": "off", 
                "tx_tcp_segmentation": "on", 
                "tx_udp_tnl_csum_segmentation": "off [fixed]", 
                "tx_udp_tnl_segmentation": "off [fixed]", 
                "tx_vlan_offload": "on [fixed]", 
                "tx_vlan_stag_hw_insert": "off [fixed]", 
                "udp_fragmentation_offload": "off [fixed]", 
                "vlan_challenged": "off [fixed]"
            }, 
            "hw_timestamp_filters": [], 
            "ipv4": {
                "address": "10.0.2.15", 
                "broadcast": "10.0.2.255", 
                "netmask": "255.255.255.0", 
                "network": "10.0.2.0"
            }, 
            "ipv6": [
                {
                    "address": "fe80::a00:27ff:feda:d590", 
                    "prefix": "64", 
                    "scope": "link"
                }
            ], 
            "macaddress": "08:00:27:da:d5:90", 
            "module": "e1000", 
            "mtu": 1500, 
            "pciid": "0000:00:03.0", 
            "promisc": false, 
            "speed": 1000, 
            "timestamping": [
                "tx_software", 
                "rx_software", 
                "software"
            ], 
            "type": "ether"
        }, 
        "ansible_enp0s8": {
            "active": true, 
            "device": "enp0s8", 
            "features": {
                "busy_poll": "off [fixed]", 
                "fcoe_mtu": "off [fixed]", 
                "generic_receive_offload": "on", 
                "generic_segmentation_offload": "on", 
                "highdma": "off [fixed]", 
                "hw_tc_offload": "off [fixed]", 
                "l2_fwd_offload": "off [fixed]", 
                "large_receive_offload": "off [fixed]", 
                "loopback": "off [fixed]", 
                "netns_local": "off [fixed]", 
                "ntuple_filters": "off [fixed]", 
                "receive_hashing": "off [fixed]", 
                "rx_all": "off", 
                "rx_checksumming": "off", 
                "rx_fcs": "off", 
                "rx_gro_hw": "off [fixed]", 
                "rx_udp_tunnel_port_offload": "off [fixed]", 
                "rx_vlan_filter": "on [fixed]", 
                "rx_vlan_offload": "on", 
                "rx_vlan_stag_filter": "off [fixed]", 
                "rx_vlan_stag_hw_parse": "off [fixed]", 
                "scatter_gather": "on", 
                "tcp_segmentation_offload": "on", 
                "tx_checksum_fcoe_crc": "off [fixed]", 
                "tx_checksum_ip_generic": "on", 
                "tx_checksum_ipv4": "off [fixed]", 
                "tx_checksum_ipv6": "off [fixed]", 
                "tx_checksum_sctp": "off [fixed]", 
                "tx_checksumming": "on", 
                "tx_fcoe_segmentation": "off [fixed]", 
                "tx_gre_csum_segmentation": "off [fixed]", 
                "tx_gre_segmentation": "off [fixed]", 
                "tx_gso_partial": "off [fixed]", 
                "tx_gso_robust": "off [fixed]", 
                "tx_ipip_segmentation": "off [fixed]", 
                "tx_lockless": "off [fixed]", 
                "tx_nocache_copy": "off", 
                "tx_scatter_gather": "on", 
                "tx_scatter_gather_fraglist": "off [fixed]", 
                "tx_sctp_segmentation": "off [fixed]", 
                "tx_sit_segmentation": "off [fixed]", 
                "tx_tcp6_segmentation": "off [fixed]", 
                "tx_tcp_ecn_segmentation": "off [fixed]", 
                "tx_tcp_mangleid_segmentation": "off", 
                "tx_tcp_segmentation": "on", 
                "tx_udp_tnl_csum_segmentation": "off [fixed]", 
                "tx_udp_tnl_segmentation": "off [fixed]", 
                "tx_vlan_offload": "on [fixed]", 
                "tx_vlan_stag_hw_insert": "off [fixed]", 
                "udp_fragmentation_offload": "off [fixed]", 
                "vlan_challenged": "off [fixed]"
            }, 
            "hw_timestamp_filters": [], 
            "ipv4": {
                "address": "192.168.56.95", 
                "broadcast": "192.168.56.255", 
                "netmask": "255.255.255.0", 
                "network": "192.168.56.0"
            }, 
            "ipv6": [
                {
                    "address": "fe80::a00:27ff:fe03:10d3", 
                    "prefix": "64", 
                    "scope": "link"
                }
            ], 
            "macaddress": "08:00:27:03:10:d3", 
            "module": "e1000", 
            "mtu": 1500, 
            "pciid": "0000:00:08.0", 
            "promisc": false, 
            "speed": 1000, 
            "timestamping": [
                "tx_software", 
                "rx_software", 
                "software"
            ], 
            "type": "ether"
        }, 
        "ansible_env": {
            "HOME": "/home/vagrant", 
            "LANG": "en_US.UTF-8", 
            "LESSOPEN": "||/usr/bin/lesspipe.sh %s", 
            "LOGNAME": "vagrant", 
            "LS_COLORS": "rs=0:di=38;5;27:ln=38;5;51:mh=44;38;5;15:pi=40;38;5;11:so=38;5;13:do=38;5;5:bd=48;5;232;38;5;11:cd=48;5;232;38;5;3:or=48;5;232;38;5;9:mi=05;48;5;232;38;5;15:su=48;5;196;38;5;15:sg=48;5;11;38;5;16:ca=48;5;196;38;5;226:tw=48;5;10;38;5;16:ow=48;5;10;38;5;21:st=48;5;21;38;5;15:ex=38;5;34:*.tar=38;5;9:*.tgz=38;5;9:*.arc=38;5;9:*.arj=38;5;9:*.taz=38;5;9:*.lha=38;5;9:*.lz4=38;5;9:*.lzh=38;5;9:*.lzma=38;5;9:*.tlz=38;5;9:*.txz=38;5;9:*.tzo=38;5;9:*.t7z=38;5;9:*.zip=38;5;9:*.z=38;5;9:*.Z=38;5;9:*.dz=38;5;9:*.gz=38;5;9:*.lrz=38;5;9:*.lz=38;5;9:*.lzo=38;5;9:*.xz=38;5;9:*.bz2=38;5;9:*.bz=38;5;9:*.tbz=38;5;9:*.tbz2=38;5;9:*.tz=38;5;9:*.deb=38;5;9:*.rpm=38;5;9:*.jar=38;5;9:*.war=38;5;9:*.ear=38;5;9:*.sar=38;5;9:*.rar=38;5;9:*.alz=38;5;9:*.ace=38;5;9:*.zoo=38;5;9:*.cpio=38;5;9:*.7z=38;5;9:*.rz=38;5;9:*.cab=38;5;9:*.jpg=38;5;13:*.jpeg=38;5;13:*.gif=38;5;13:*.bmp=38;5;13:*.pbm=38;5;13:*.pgm=38;5;13:*.ppm=38;5;13:*.tga=38;5;13:*.xbm=38;5;13:*.xpm=38;5;13:*.tif=38;5;13:*.tiff=38;5;13:*.png=38;5;13:*.svg=38;5;13:*.svgz=38;5;13:*.mng=38;5;13:*.pcx=38;5;13:*.mov=38;5;13:*.mpg=38;5;13:*.mpeg=38;5;13:*.m2v=38;5;13:*.mkv=38;5;13:*.webm=38;5;13:*.ogm=38;5;13:*.mp4=38;5;13:*.m4v=38;5;13:*.mp4v=38;5;13:*.vob=38;5;13:*.qt=38;5;13:*.nuv=38;5;13:*.wmv=38;5;13:*.asf=38;5;13:*.rm=38;5;13:*.rmvb=38;5;13:*.flc=38;5;13:*.avi=38;5;13:*.fli=38;5;13:*.flv=38;5;13:*.gl=38;5;13:*.dl=38;5;13:*.xcf=38;5;13:*.xwd=38;5;13:*.yuv=38;5;13:*.cgm=38;5;13:*.emf=38;5;13:*.axv=38;5;13:*.anx=38;5;13:*.ogv=38;5;13:*.ogx=38;5;13:*.aac=38;5;45:*.au=38;5;45:*.flac=38;5;45:*.mid=38;5;45:*.midi=38;5;45:*.mka=38;5;45:*.mp3=38;5;45:*.mpc=38;5;45:*.ogg=38;5;45:*.ra=38;5;45:*.wav=38;5;45:*.axa=38;5;45:*.oga=38;5;45:*.spx=38;5;45:*.xspf=38;5;45:", 
            "MAIL": "/var/mail/vagrant", 
            "PATH": "/usr/local/bin:/usr/bin", 
            "PWD": "/home/vagrant", 
            "SELINUX_LEVEL_REQUESTED": "", 
            "SELINUX_ROLE_REQUESTED": "", 
            "SELINUX_USE_CURRENT_RANGE": "", 
            "SHELL": "/bin/bash", 
            "SHLVL": "2", 
            "SSH_CLIENT": "192.168.56.94 58196 22", 
            "SSH_CONNECTION": "192.168.56.94 58196 192.168.56.95 22", 
            "SSH_TTY": "/dev/pts/1", 
            "TERM": "xterm-256color", 
            "USER": "vagrant", 
            "XDG_RUNTIME_DIR": "/run/user/1000", 
            "XDG_SESSION_ID": "27", 
            "_": "/usr/bin/python"
        }, 
        "ansible_fibre_channel_wwn": [], 
        "ansible_fips": false, 
        "ansible_form_factor": "Other", 
        "ansible_fqdn": "webserver", 
        "ansible_hostname": "webserver", 
        "ansible_hostnqn": "", 
        "ansible_interfaces": [
            "lo", 
            "enp0s3", 
            "enp0s8"
        ], 
        "ansible_is_chroot": true, 
        "ansible_iscsi_iqn": "", 
        "ansible_kernel": "3.10.0-1160.53.1.el7.x86_64", 
        "ansible_kernel_version": "#1 SMP Fri Jan 14 13:59:45 UTC 2022", 
        "ansible_lo": {
            "active": true, 
            "device": "lo", 
            "features": {
                "busy_poll": "off [fixed]", 
                "fcoe_mtu": "off [fixed]", 
                "generic_receive_offload": "on", 
                "generic_segmentation_offload": "on", 
                "highdma": "on [fixed]", 
                "hw_tc_offload": "off [fixed]", 
                "l2_fwd_offload": "off [fixed]", 
                "large_receive_offload": "off [fixed]", 
                "loopback": "on [fixed]", 
                "netns_local": "on [fixed]", 
                "ntuple_filters": "off [fixed]", 
                "receive_hashing": "off [fixed]", 
                "rx_all": "off [fixed]", 
                "rx_checksumming": "on [fixed]", 
                "rx_fcs": "off [fixed]", 
                "rx_gro_hw": "off [fixed]", 
                "rx_udp_tunnel_port_offload": "off [fixed]", 
                "rx_vlan_filter": "off [fixed]", 
                "rx_vlan_offload": "off [fixed]", 
                "rx_vlan_stag_filter": "off [fixed]", 
                "rx_vlan_stag_hw_parse": "off [fixed]", 
                "scatter_gather": "on", 
                "tcp_segmentation_offload": "on", 
                "tx_checksum_fcoe_crc": "off [fixed]", 
                "tx_checksum_ip_generic": "on [fixed]", 
                "tx_checksum_ipv4": "off [fixed]", 
                "tx_checksum_ipv6": "off [fixed]", 
                "tx_checksum_sctp": "on [fixed]", 
                "tx_checksumming": "on", 
                "tx_fcoe_segmentation": "off [fixed]", 
                "tx_gre_csum_segmentation": "off [fixed]", 
                "tx_gre_segmentation": "off [fixed]", 
                "tx_gso_partial": "off [fixed]", 
                "tx_gso_robust": "off [fixed]", 
                "tx_ipip_segmentation": "off [fixed]", 
                "tx_lockless": "on [fixed]", 
                "tx_nocache_copy": "off [fixed]", 
                "tx_scatter_gather": "on [fixed]", 
                "tx_scatter_gather_fraglist": "on [fixed]", 
                "tx_sctp_segmentation": "on", 
                "tx_sit_segmentation": "off [fixed]", 
                "tx_tcp6_segmentation": "on", 
                "tx_tcp_ecn_segmentation": "on", 
                "tx_tcp_mangleid_segmentation": "on", 
                "tx_tcp_segmentation": "on", 
                "tx_udp_tnl_csum_segmentation": "off [fixed]", 
                "tx_udp_tnl_segmentation": "off [fixed]", 
                "tx_vlan_offload": "off [fixed]", 
                "tx_vlan_stag_hw_insert": "off [fixed]", 
                "udp_fragmentation_offload": "on", 
                "vlan_challenged": "on [fixed]"
            }, 
            "hw_timestamp_filters": [], 
            "ipv4": {
                "address": "127.0.0.1", 
                "broadcast": "", 
                "netmask": "255.0.0.0", 
                "network": "127.0.0.0"
            }, 
            "ipv6": [
                {
                    "address": "::1", 
                    "prefix": "128", 
                    "scope": "host"
                }
            ], 
            "mtu": 65536, 
            "promisc": false, 
            "timestamping": [
                "rx_software", 
                "software"
            ], 
            "type": "loopback"
        }, 
        "ansible_local": {}, 
        "ansible_lsb": {}, 
        "ansible_machine": "x86_64", 
        "ansible_machine_id": "37e3f6921c173c4398829e5dde26726f", 
        "ansible_memfree_mb": 1024, 
        "ansible_memory_mb": {
            "nocache": {
                "free": 1650, 
                "used": 187
            }, 
            "real": {
                "free": 1024, 
                "total": 1837, 
                "used": 813
            }, 
            "swap": {
                "cached": 0, 
                "free": 1023, 
                "total": 1023, 
                "used": 0
            }
        }, 
        "ansible_memtotal_mb": 1837, 
        "ansible_mounts": [
            {
                "block_available": 213556, 
                "block_size": 4096, 
                "block_total": 259584, 
                "block_used": 46028, 
                "device": "/dev/sda1", 
                "fstype": "xfs", 
                "inode_available": 523955, 
                "inode_total": 524288, 
                "inode_used": 333, 
                "mount": "/boot", 
                "options": "rw,seclabel,relatime,attr2,inode64,noquota", 
                "size_available": 874725376, 
                "size_total": 1063256064, 
                "uuid": "fe0902df-9a47-46c7-87e6-cd19d397f424"
            }, 
            {
                "block_available": 12633870, 
                "block_size": 4096, 
                "block_total": 13100800, 
                "block_used": 466930, 
                "device": "/dev/mapper/centos-root", 
                "fstype": "xfs", 
                "inode_available": 26176251, 
                "inode_total": 26214400, 
                "inode_used": 38149, 
                "mount": "/", 
                "options": "rw,seclabel,relatime,attr2,inode64,noquota", 
                "size_available": 51748331520, 
                "size_total": 53660876800, 
                "uuid": "847afee3-1bb9-40cc-b24b-cfc75be602be"
            }, 
            {
                "block_available": 7326058, 
                "block_size": 4096, 
                "block_total": 7334401, 
                "block_used": 8343, 
                "device": "/dev/mapper/centos-home", 
                "fstype": "xfs", 
                "inode_available": 14675948, 
                "inode_total": 14675968, 
                "inode_used": 20, 
                "mount": "/home", 
                "options": "rw,seclabel,relatime,attr2,inode64,noquota", 
                "size_available": 30007533568, 
                "size_total": 30041706496, 
                "uuid": "b64e0ff7-a036-4b28-865e-3470d5d84d73"
            }
        ], 
        "ansible_nodename": "webserver", 
        "ansible_os_family": "RedHat", 
        "ansible_pkg_mgr": "yum", 
        "ansible_proc_cmdline": {
            "BOOT_IMAGE": "/vmlinuz-3.10.0-1160.53.1.el7.x86_64", 
            "LANG": "en_US.UTF-8", 
            "crashkernel": "auto", 
            "quiet": true, 
            "rd.lvm.lv": [
                "centos/root", 
                "centos/swap"
            ], 
            "rhgb": true, 
            "ro": true, 
            "root": "/dev/mapper/centos-root"
        }, 
        "ansible_processor": [
            "0", 
            "AuthenticAMD", 
            "AMD Ryzen 7 3700X 8-Core Processor", 
            "1", 
            "AuthenticAMD", 
            "AMD Ryzen 7 3700X 8-Core Processor"
        ], 
        "ansible_processor_cores": 2, 
        "ansible_processor_count": 1, 
        "ansible_processor_threads_per_core": 1, 
        "ansible_processor_vcpus": 2, 
        "ansible_product_name": "VirtualBox", 
        "ansible_product_serial": "NA", 
        "ansible_product_uuid": "NA", 
        "ansible_product_version": "1.2", 
        "ansible_python": {
            "executable": "/usr/bin/python", 
            "has_sslcontext": true, 
            "type": "CPython", 
            "version": {
                "major": 2, 
                "micro": 5, 
                "minor": 7, 
                "releaselevel": "final", 
                "serial": 0
            }, 
            "version_info": [
                2, 
                7, 
                5, 
                "final", 
                0
            ]
        }, 
        "ansible_python_version": "2.7.5", 
        "ansible_real_group_id": 1000, 
        "ansible_real_user_id": 1000, 
        "ansible_selinux": {
            "config_mode": "permissive", 
            "mode": "permissive", 
            "policyvers": 31, 
            "status": "enabled", 
            "type": "targeted"
        }, 
        "ansible_selinux_python_present": true, 
        "ansible_service_mgr": "systemd", 
        "ansible_ssh_host_key_ecdsa_public": "AAAAE2VjZHNhLXNoYTItbmlzdHAyNTYAAAAIbmlzdHAyNTYAAABBBCQoLbQzKQZGCUkczgAXDj/64PClvCTKAMNgzv9g172RSqugOlaWLF9BZJlcTLAxKJYGN2mS9uWZkaRcAzAnACo=", 
        "ansible_ssh_host_key_ed25519_public": "AAAAC3NzaC1lZDI1NTE5AAAAIK4mS0sZhETRKA6LoOxrGPvBwqx3uJngRuQbeX+CH74F", 
        "ansible_ssh_host_key_rsa_public": "AAAAB3NzaC1yc2EAAAADAQABAAABAQC60vQifmNLD53m2oOrhBBzq5vcvw5eRqd2lXYdxkYWjF0PNpdfkdncARHlR00UsP47hA6h8ms4yHNY1+m2CctbEgrgkgW7AXhSaqJLQnapvnOXA++V6z0DIokdL/nbWhCD2MlqMuwKAPEJ8Wd9RCVaBSv7tF8/eEF4H5AK8uCfWylAlUUPjehfE7rgIiUmMhTmQErS8ZAaUmctQrhJ5unywgVAXe7YsUjDXeHaHISxMyoSuhdDfoLCfJPdRIahHlkfcRAByiEeC2NDJ+X/M2692jqRA/lzDHGk59gqTD5Kvg6mCIyqcK6ejz6ra+rVh+1JDp8h5aYjSukfr5xAfPq5", 
        "ansible_swapfree_mb": 1023, 
        "ansible_swaptotal_mb": 1023, 
        "ansible_system": "Linux", 
        "ansible_system_capabilities": [
            ""
        ], 
        "ansible_system_capabilities_enforced": "True", 
        "ansible_system_vendor": "innotek GmbH", 
        "ansible_uptime_seconds": 34143, 
        "ansible_user_dir": "/home/vagrant", 
        "ansible_user_gecos": "vagrant", 
        "ansible_user_gid": 1000, 
        "ansible_user_id": "vagrant", 
        "ansible_user_shell": "/bin/bash", 
        "ansible_user_uid": 1000, 
        "ansible_userspace_architecture": "x86_64", 
        "ansible_userspace_bits": "64", 
        "ansible_virtualization_role": "guest", 
        "ansible_virtualization_type": "virtualbox", 
        "discovered_interpreter_python": "/usr/bin/python", 
        "gather_subset": [
            "all"
        ], 
        "module_setup": true
    }, 
    "changed": false
}
2022-05-19 16:19:00,581 p=23407 u=vagrant n=ansible | PLAY [atlanta] *****************************************************************************************
2022-05-19 16:19:00,588 p=23407 u=vagrant n=ansible | TASK [Gathering Facts] *********************************************************************************
2022-05-19 16:19:01,566 p=23407 u=vagrant n=ansible | ok: [192.168.56.96]
2022-05-19 16:19:01,587 p=23407 u=vagrant n=ansible | ok: [192.168.56.95]
2022-05-19 16:19:01,596 p=23407 u=vagrant n=ansible | TASK [debug] *******************************************************************************************
2022-05-19 16:19:01,622 p=23407 u=vagrant n=ansible | ok: [192.168.56.95] => {
    "msg": "the OS is RedHat"
}
2022-05-19 16:19:01,635 p=23407 u=vagrant n=ansible | ok: [192.168.56.96] => {
    "msg": "the OS is RedHat"
}
2022-05-19 16:19:01,643 p=23407 u=vagrant n=ansible | TASK [Create user] *************************************************************************************
2022-05-19 16:19:01,990 p=23407 u=vagrant n=ansible | ok: [192.168.56.96]
2022-05-19 16:19:01,995 p=23407 u=vagrant n=ansible | ok: [192.168.56.95]
2022-05-19 16:19:02,003 p=23407 u=vagrant n=ansible | TASK [Create file] *************************************************************************************
2022-05-19 16:19:02,322 p=23407 u=vagrant n=ansible | changed: [192.168.56.95]
2022-05-19 16:19:02,323 p=23407 u=vagrant n=ansible | changed: [192.168.56.96]
2022-05-19 16:19:02,331 p=23407 u=vagrant n=ansible | TASK [Create file] *************************************************************************************
2022-05-19 16:19:02,541 p=23407 u=vagrant n=ansible | ok: [192.168.56.95]
2022-05-19 16:19:02,558 p=23407 u=vagrant n=ansible | ok: [192.168.56.96]
2022-05-19 16:19:02,566 p=23407 u=vagrant n=ansible | TASK [Install apache] **********************************************************************************
2022-05-19 16:19:03,100 p=23407 u=vagrant n=ansible | ok: [192.168.56.95]
2022-05-19 16:19:03,101 p=23407 u=vagrant n=ansible | ok: [192.168.56.96]
2022-05-19 16:19:03,110 p=23407 u=vagrant n=ansible | TASK [syart apache daemon] *****************************************************************************
2022-05-19 16:19:03,624 p=23407 u=vagrant n=ansible | ok: [192.168.56.96]
2022-05-19 16:19:03,626 p=23407 u=vagrant n=ansible | ok: [192.168.56.95]
2022-05-19 16:19:03,627 p=23407 u=vagrant n=ansible | PLAY RECAP *********************************************************************************************
2022-05-19 16:19:03,628 p=23407 u=vagrant n=ansible | 192.168.56.95              : ok=7    changed=1    unreachable=0    failed=0    skipped=0    rescued=0    ignored=0   
2022-05-19 16:19:03,628 p=23407 u=vagrant n=ansible | 192.168.56.96              : ok=7    changed=1    unreachable=0    failed=0    skipped=0    rescued=0    ignored=0   
2022-05-19 16:21:33,904 p=23543 u=vagrant n=ansible | PLAY [atlanta] *****************************************************************************************
2022-05-19 16:21:33,910 p=23543 u=vagrant n=ansible | TASK [Gathering Facts] *********************************************************************************
2022-05-19 16:21:41,048 p=23543 u=vagrant n=ansible | ok: [192.168.56.95]
2022-05-19 16:21:41,051 p=23543 u=vagrant n=ansible | ok: [192.168.56.96]
2022-05-19 16:21:41,059 p=23543 u=vagrant n=ansible | TASK [debug] *******************************************************************************************
2022-05-19 16:21:41,087 p=23543 u=vagrant n=ansible | ok: [192.168.56.95] => {
    "msg": "the OS is RedHat"
}
2022-05-19 16:21:41,095 p=23543 u=vagrant n=ansible | ok: [192.168.56.96] => {
    "msg": "the OS is RedHat"
}
2022-05-19 16:21:41,104 p=23543 u=vagrant n=ansible | TASK [Create user] *************************************************************************************
2022-05-19 16:21:41,133 p=23543 u=vagrant n=ansible | skipping: [192.168.56.95]
2022-05-19 16:21:41,139 p=23543 u=vagrant n=ansible | skipping: [192.168.56.96]
2022-05-19 16:21:41,149 p=23543 u=vagrant n=ansible | TASK [Create file] *************************************************************************************
2022-05-19 16:21:41,459 p=23543 u=vagrant n=ansible | changed: [192.168.56.96]
2022-05-19 16:21:41,460 p=23543 u=vagrant n=ansible | changed: [192.168.56.95]
2022-05-19 16:21:41,468 p=23543 u=vagrant n=ansible | TASK [Create file] *************************************************************************************
2022-05-19 16:21:41,683 p=23543 u=vagrant n=ansible | ok: [192.168.56.95]
2022-05-19 16:21:41,703 p=23543 u=vagrant n=ansible | ok: [192.168.56.96]
2022-05-19 16:21:41,711 p=23543 u=vagrant n=ansible | TASK [Install apache] **********************************************************************************
2022-05-19 16:21:42,242 p=23543 u=vagrant n=ansible | ok: [192.168.56.96]
2022-05-19 16:21:42,244 p=23543 u=vagrant n=ansible | ok: [192.168.56.95]
2022-05-19 16:21:42,253 p=23543 u=vagrant n=ansible | TASK [syart apache daemon] *****************************************************************************
2022-05-19 16:21:42,771 p=23543 u=vagrant n=ansible | ok: [192.168.56.96]
2022-05-19 16:21:42,792 p=23543 u=vagrant n=ansible | ok: [192.168.56.95]
2022-05-19 16:21:42,793 p=23543 u=vagrant n=ansible | PLAY RECAP *********************************************************************************************
2022-05-19 16:21:42,794 p=23543 u=vagrant n=ansible | 192.168.56.95              : ok=6    changed=1    unreachable=0    failed=0    skipped=1    rescued=0    ignored=0   
2022-05-19 16:21:42,794 p=23543 u=vagrant n=ansible | 192.168.56.96              : ok=6    changed=1    unreachable=0    failed=0    skipped=1    rescued=0    ignored=0   
2022-05-19 16:23:30,689 p=23663 u=vagrant n=ansible | PLAY [atlanta] *****************************************************************************************
2022-05-19 16:23:30,695 p=23663 u=vagrant n=ansible | TASK [Gathering Facts] *********************************************************************************
2022-05-19 16:23:31,602 p=23663 u=vagrant n=ansible | ok: [192.168.56.95]
2022-05-19 16:23:31,713 p=23663 u=vagrant n=ansible | ok: [192.168.56.96]
2022-05-19 16:23:31,721 p=23663 u=vagrant n=ansible | TASK [debug] *******************************************************************************************
2022-05-19 16:23:31,751 p=23663 u=vagrant n=ansible | ok: [192.168.56.95] => {
    "msg": "the OS is RedHat"
}
2022-05-19 16:23:31,763 p=23663 u=vagrant n=ansible | ok: [192.168.56.96] => {
    "msg": "the OS is RedHat"
}
2022-05-19 16:23:31,771 p=23663 u=vagrant n=ansible | TASK [Create user] *************************************************************************************
2022-05-19 16:23:31,796 p=23663 u=vagrant n=ansible | skipping: [192.168.56.95]
2022-05-19 16:23:31,808 p=23663 u=vagrant n=ansible | skipping: [192.168.56.96]
2022-05-19 16:23:31,816 p=23663 u=vagrant n=ansible | TASK [Create file] *************************************************************************************
2022-05-19 16:23:32,125 p=23663 u=vagrant n=ansible | changed: [192.168.56.95]
2022-05-19 16:23:32,126 p=23663 u=vagrant n=ansible | changed: [192.168.56.96]
2022-05-19 16:23:32,134 p=23663 u=vagrant n=ansible | TASK [get result info] *********************************************************************************
2022-05-19 16:23:32,162 p=23663 u=vagrant n=ansible | ok: [192.168.56.95] => {
    "result": {
        "changed": true, 
        "dest": "/tmp/serge.txt", 
        "diff": {
            "after": {
                "atime": 1652977412.095206, 
                "mtime": 1652977412.095206, 
                "path": "/tmp/serge.txt", 
                "state": "touch"
            }, 
            "before": {
                "atime": 1652977301.4288895, 
                "mtime": 1652977301.4288895, 
                "path": "/tmp/serge.txt", 
                "state": "file"
            }
        }, 
        "failed": false, 
        "gid": 0, 
        "group": "root", 
        "mode": "0644", 
        "owner": "root", 
        "secontext": "unconfined_u:object_r:user_tmp_t:s0", 
        "size": 0, 
        "state": "file", 
        "uid": 0
    }
}
2022-05-19 16:23:32,176 p=23663 u=vagrant n=ansible | ok: [192.168.56.96] => {
    "result": {
        "changed": true, 
        "dest": "/tmp/serge.txt", 
        "diff": {
            "after": {
                "atime": 1652977412.092704, 
                "mtime": 1652977412.092704, 
                "path": "/tmp/serge.txt", 
                "state": "touch"
            }, 
            "before": {
                "atime": 1652977301.4259634, 
                "mtime": 1652977301.4259634, 
                "path": "/tmp/serge.txt", 
                "state": "file"
            }
        }, 
        "failed": false, 
        "gid": 0, 
        "group": "root", 
        "mode": "0644", 
        "owner": "root", 
        "secontext": "unconfined_u:object_r:user_tmp_t:s0", 
        "size": 0, 
        "state": "file", 
        "uid": 0
    }
}
2022-05-19 16:23:32,185 p=23663 u=vagrant n=ansible | TASK [Create file] *************************************************************************************
2022-05-19 16:23:32,404 p=23663 u=vagrant n=ansible | ok: [192.168.56.95]
2022-05-19 16:23:32,411 p=23663 u=vagrant n=ansible | ok: [192.168.56.96]
2022-05-19 16:23:32,419 p=23663 u=vagrant n=ansible | TASK [Install apache] **********************************************************************************
2022-05-19 16:23:34,119 p=23663 u=vagrant n=ansible | ok: [192.168.56.96]
2022-05-19 16:23:34,120 p=23663 u=vagrant n=ansible | ok: [192.168.56.95]
2022-05-19 16:23:34,131 p=23663 u=vagrant n=ansible | TASK [syart apache daemon] *****************************************************************************
2022-05-19 16:23:34,640 p=23663 u=vagrant n=ansible | ok: [192.168.56.96]
2022-05-19 16:23:34,641 p=23663 u=vagrant n=ansible | ok: [192.168.56.95]
2022-05-19 16:23:34,642 p=23663 u=vagrant n=ansible | PLAY RECAP *********************************************************************************************
2022-05-19 16:23:34,642 p=23663 u=vagrant n=ansible | 192.168.56.95              : ok=7    changed=1    unreachable=0    failed=0    skipped=1    rescued=0    ignored=0   
2022-05-19 16:23:34,642 p=23663 u=vagrant n=ansible | 192.168.56.96              : ok=7    changed=1    unreachable=0    failed=0    skipped=1    rescued=0    ignored=0   
2022-05-19 16:26:02,707 p=23788 u=vagrant n=ansible | PLAY [atlanta] *****************************************************************************************
2022-05-19 16:26:02,715 p=23788 u=vagrant n=ansible | TASK [Gathering Facts] *********************************************************************************
2022-05-19 16:26:03,632 p=23788 u=vagrant n=ansible | ok: [192.168.56.96]
2022-05-19 16:26:05,063 p=23788 u=vagrant n=ansible | ok: [192.168.56.95]
2022-05-19 16:26:05,071 p=23788 u=vagrant n=ansible | TASK [debug] *******************************************************************************************
2022-05-19 16:26:05,098 p=23788 u=vagrant n=ansible | ok: [192.168.56.95] => {
    "msg": "the OS is RedHat"
}
2022-05-19 16:26:05,109 p=23788 u=vagrant n=ansible | ok: [192.168.56.96] => {
    "msg": "the OS is RedHat"
}
2022-05-19 16:26:05,117 p=23788 u=vagrant n=ansible | TASK [Create user] *************************************************************************************
2022-05-19 16:26:05,142 p=23788 u=vagrant n=ansible | skipping: [192.168.56.95]
2022-05-19 16:26:05,153 p=23788 u=vagrant n=ansible | skipping: [192.168.56.96]
2022-05-19 16:26:05,162 p=23788 u=vagrant n=ansible | TASK [Create file] *************************************************************************************
2022-05-19 16:26:05,460 p=23788 u=vagrant n=ansible | changed: [192.168.56.96]
2022-05-19 16:26:05,468 p=23788 u=vagrant n=ansible | changed: [192.168.56.95]
2022-05-19 16:26:05,477 p=23788 u=vagrant n=ansible | TASK [get result info] *********************************************************************************
2022-05-19 16:26:05,505 p=23788 u=vagrant n=ansible | ok: [192.168.56.95] => {
    "result.changed": true
}
2022-05-19 16:26:05,518 p=23788 u=vagrant n=ansible | ok: [192.168.56.96] => {
    "result.changed": true
}
2022-05-19 16:26:05,526 p=23788 u=vagrant n=ansible | TASK [Create file] *************************************************************************************
2022-05-19 16:26:05,735 p=23788 u=vagrant n=ansible | ok: [192.168.56.95]
2022-05-19 16:26:05,748 p=23788 u=vagrant n=ansible | ok: [192.168.56.96]
2022-05-19 16:26:05,756 p=23788 u=vagrant n=ansible | TASK [Install apache] **********************************************************************************
2022-05-19 16:26:06,267 p=23788 u=vagrant n=ansible | ok: [192.168.56.95]
2022-05-19 16:26:06,276 p=23788 u=vagrant n=ansible | ok: [192.168.56.96]
2022-05-19 16:26:06,284 p=23788 u=vagrant n=ansible | TASK [syart apache daemon] *****************************************************************************
2022-05-19 16:26:06,787 p=23788 u=vagrant n=ansible | ok: [192.168.56.95]
2022-05-19 16:26:06,797 p=23788 u=vagrant n=ansible | ok: [192.168.56.96]
2022-05-19 16:26:06,799 p=23788 u=vagrant n=ansible | PLAY RECAP *********************************************************************************************
2022-05-19 16:26:06,799 p=23788 u=vagrant n=ansible | 192.168.56.95              : ok=7    changed=1    unreachable=0    failed=0    skipped=1    rescued=0    ignored=0   
2022-05-19 16:26:06,799 p=23788 u=vagrant n=ansible | 192.168.56.96              : ok=7    changed=1    unreachable=0    failed=0    skipped=1    rescued=0    ignored=0   
2022-05-19 16:26:27,238 p=23910 u=vagrant n=ansible | PLAY [atlanta] *****************************************************************************************
2022-05-19 16:26:27,244 p=23910 u=vagrant n=ansible | TASK [Gathering Facts] *********************************************************************************
2022-05-19 16:26:27,949 p=23910 u=vagrant n=ansible | ok: [192.168.56.96]
2022-05-19 16:26:29,340 p=23910 u=vagrant n=ansible | ok: [192.168.56.95]
2022-05-19 16:26:29,349 p=23910 u=vagrant n=ansible | TASK [debug] *******************************************************************************************
2022-05-19 16:26:29,376 p=23910 u=vagrant n=ansible | ok: [192.168.56.95] => {
    "msg": "the OS is RedHat"
}
2022-05-19 16:26:29,387 p=23910 u=vagrant n=ansible | ok: [192.168.56.96] => {
    "msg": "the OS is RedHat"
}
2022-05-19 16:26:29,396 p=23910 u=vagrant n=ansible | TASK [Create user] *************************************************************************************
2022-05-19 16:26:29,421 p=23910 u=vagrant n=ansible | skipping: [192.168.56.95]
2022-05-19 16:26:29,432 p=23910 u=vagrant n=ansible | skipping: [192.168.56.96]
2022-05-19 16:26:29,440 p=23910 u=vagrant n=ansible | TASK [Create file] *************************************************************************************
2022-05-19 16:26:29,740 p=23910 u=vagrant n=ansible | changed: [192.168.56.95]
2022-05-19 16:26:29,743 p=23910 u=vagrant n=ansible | changed: [192.168.56.96]
2022-05-19 16:26:29,751 p=23910 u=vagrant n=ansible | TASK [get result info] *********************************************************************************
2022-05-19 16:26:29,801 p=23910 u=vagrant n=ansible | ok: [192.168.56.95] => {
    "result.changed": true
}
2022-05-19 16:26:29,810 p=23910 u=vagrant n=ansible | ok: [192.168.56.96] => {
    "result.changed": true
}
2022-05-19 16:26:29,819 p=23910 u=vagrant n=ansible | TASK [Create file] *************************************************************************************
2022-05-19 16:26:30,037 p=23910 u=vagrant n=ansible | ok: [192.168.56.95]
2022-05-19 16:26:30,057 p=23910 u=vagrant n=ansible | ok: [192.168.56.96]
2022-05-19 16:26:30,065 p=23910 u=vagrant n=ansible | TASK [Install apache] **********************************************************************************
2022-05-19 16:26:30,570 p=23910 u=vagrant n=ansible | ok: [192.168.56.95]
2022-05-19 16:26:30,575 p=23910 u=vagrant n=ansible | ok: [192.168.56.96]
2022-05-19 16:26:30,583 p=23910 u=vagrant n=ansible | TASK [syart apache daemon] *****************************************************************************
2022-05-19 16:26:31,029 p=23910 u=vagrant n=ansible | ok: [192.168.56.95]
2022-05-19 16:26:31,032 p=23910 u=vagrant n=ansible | ok: [192.168.56.96]
2022-05-19 16:26:31,034 p=23910 u=vagrant n=ansible | PLAY RECAP *********************************************************************************************
2022-05-19 16:26:31,034 p=23910 u=vagrant n=ansible | 192.168.56.95              : ok=7    changed=1    unreachable=0    failed=0    skipped=1    rescued=0    ignored=0   
2022-05-19 16:26:31,034 p=23910 u=vagrant n=ansible | 192.168.56.96              : ok=7    changed=1    unreachable=0    failed=0    skipped=1    rescued=0    ignored=0   
2022-05-19 16:26:48,132 p=24027 u=vagrant n=ansible | PLAY [atlanta] *****************************************************************************************
2022-05-19 16:26:48,139 p=24027 u=vagrant n=ansible | TASK [Gathering Facts] *********************************************************************************
2022-05-19 16:26:48,843 p=24027 u=vagrant n=ansible | ok: [192.168.56.96]
2022-05-19 16:26:48,848 p=24027 u=vagrant n=ansible | ok: [192.168.56.95]
2022-05-19 16:26:48,857 p=24027 u=vagrant n=ansible | TASK [debug] *******************************************************************************************
2022-05-19 16:26:48,884 p=24027 u=vagrant n=ansible | ok: [192.168.56.95] => {
    "msg": "the OS is RedHat"
}
2022-05-19 16:26:48,895 p=24027 u=vagrant n=ansible | ok: [192.168.56.96] => {
    "msg": "the OS is RedHat"
}
2022-05-19 16:26:48,904 p=24027 u=vagrant n=ansible | TASK [Create user] *************************************************************************************
2022-05-19 16:26:48,931 p=24027 u=vagrant n=ansible | skipping: [192.168.56.95]
2022-05-19 16:26:48,944 p=24027 u=vagrant n=ansible | skipping: [192.168.56.96]
2022-05-19 16:26:48,955 p=24027 u=vagrant n=ansible | TASK [Create file] *************************************************************************************
2022-05-19 16:26:49,267 p=24027 u=vagrant n=ansible | changed: [192.168.56.95]
2022-05-19 16:26:49,276 p=24027 u=vagrant n=ansible | changed: [192.168.56.96]
2022-05-19 16:26:49,285 p=24027 u=vagrant n=ansible | TASK [get result info] *********************************************************************************
2022-05-19 16:26:49,317 p=24027 u=vagrant n=ansible | ok: [192.168.56.95] => {
    "result": {
        "changed": true, 
        "dest": "/tmp/serge.txt", 
        "diff": {
            "after": {
                "atime": 1652977609.24119, 
                "mtime": 1652977609.24119, 
                "path": "/tmp/serge.txt", 
                "state": "touch"
            }, 
            "before": {
                "atime": 1652977589.7116656, 
                "mtime": 1652977589.7116656, 
                "path": "/tmp/serge.txt", 
                "state": "file"
            }
        }, 
        "failed": false, 
        "gid": 0, 
        "group": "root", 
        "mode": "0644", 
        "owner": "root", 
        "secontext": "unconfined_u:object_r:user_tmp_t:s0", 
        "size": 0, 
        "state": "file", 
        "uid": 0
    }
}
2022-05-19 16:26:49,325 p=24027 u=vagrant n=ansible | ok: [192.168.56.96] => {
    "result": {
        "changed": true, 
        "dest": "/tmp/serge.txt", 
        "diff": {
            "after": {
                "atime": 1652977609.247298, 
                "mtime": 1652977609.247298, 
                "path": "/tmp/serge.txt", 
                "state": "touch"
            }, 
            "before": {
                "atime": 1652977589.7076907, 
                "mtime": 1652977589.7076907, 
                "path": "/tmp/serge.txt", 
                "state": "file"
            }
        }, 
        "failed": false, 
        "gid": 0, 
        "group": "root", 
        "mode": "0644", 
        "owner": "root", 
        "secontext": "unconfined_u:object_r:user_tmp_t:s0", 
        "size": 0, 
        "state": "file", 
        "uid": 0
    }
}
2022-05-19 16:26:49,333 p=24027 u=vagrant n=ansible | TASK [Create file] *************************************************************************************
2022-05-19 16:26:49,560 p=24027 u=vagrant n=ansible | ok: [192.168.56.95]
2022-05-19 16:26:49,583 p=24027 u=vagrant n=ansible | ok: [192.168.56.96]
2022-05-19 16:26:49,592 p=24027 u=vagrant n=ansible | TASK [Install apache] **********************************************************************************
2022-05-19 16:26:50,133 p=24027 u=vagrant n=ansible | ok: [192.168.56.96]
2022-05-19 16:26:50,150 p=24027 u=vagrant n=ansible | ok: [192.168.56.95]
2022-05-19 16:26:50,159 p=24027 u=vagrant n=ansible | TASK [syart apache daemon] *****************************************************************************
2022-05-19 16:26:50,657 p=24027 u=vagrant n=ansible | ok: [192.168.56.95]
2022-05-19 16:26:50,671 p=24027 u=vagrant n=ansible | ok: [192.168.56.96]
2022-05-19 16:26:50,673 p=24027 u=vagrant n=ansible | PLAY RECAP *********************************************************************************************
2022-05-19 16:26:50,673 p=24027 u=vagrant n=ansible | 192.168.56.95              : ok=7    changed=1    unreachable=0    failed=0    skipped=1    rescued=0    ignored=0   
2022-05-19 16:26:50,673 p=24027 u=vagrant n=ansible | 192.168.56.96              : ok=7    changed=1    unreachable=0    failed=0    skipped=1    rescued=0    ignored=0   
2022-05-19 16:28:05,385 p=24144 u=vagrant n=ansible | PLAY [atlanta] *****************************************************************************************
2022-05-19 16:28:05,392 p=24144 u=vagrant n=ansible | TASK [Gathering Facts] *********************************************************************************
2022-05-19 16:28:06,323 p=24144 u=vagrant n=ansible | ok: [192.168.56.96]
2022-05-19 16:28:06,625 p=24144 u=vagrant n=ansible | ok: [192.168.56.95]
2022-05-19 16:28:06,634 p=24144 u=vagrant n=ansible | TASK [debug] *******************************************************************************************
2022-05-19 16:28:06,661 p=24144 u=vagrant n=ansible | ok: [192.168.56.95] => {
    "msg": "the OS is RedHat"
}
2022-05-19 16:28:06,675 p=24144 u=vagrant n=ansible | ok: [192.168.56.96] => {
    "msg": "the OS is RedHat"
}
2022-05-19 16:28:06,683 p=24144 u=vagrant n=ansible | TASK [Create user] *************************************************************************************
2022-05-19 16:28:06,709 p=24144 u=vagrant n=ansible | skipping: [192.168.56.95]
2022-05-19 16:28:06,720 p=24144 u=vagrant n=ansible | skipping: [192.168.56.96]
2022-05-19 16:28:06,729 p=24144 u=vagrant n=ansible | TASK [Create file] *************************************************************************************
2022-05-19 16:28:07,044 p=24144 u=vagrant n=ansible | changed: [192.168.56.95]
2022-05-19 16:28:07,044 p=24144 u=vagrant n=ansible | changed: [192.168.56.96]
2022-05-19 16:28:07,052 p=24144 u=vagrant n=ansible | TASK [get result info] *********************************************************************************
2022-05-19 16:28:07,089 p=24144 u=vagrant n=ansible | ok: [192.168.56.95] => {
    "result.diff.after.path": "/tmp/serge.txt"
}
2022-05-19 16:28:07,102 p=24144 u=vagrant n=ansible | ok: [192.168.56.96] => {
    "result.diff.after.path": "/tmp/serge.txt"
}
2022-05-19 16:28:07,110 p=24144 u=vagrant n=ansible | TASK [Create file] *************************************************************************************
2022-05-19 16:28:07,321 p=24144 u=vagrant n=ansible | ok: [192.168.56.95]
2022-05-19 16:28:07,334 p=24144 u=vagrant n=ansible | ok: [192.168.56.96]
2022-05-19 16:28:07,343 p=24144 u=vagrant n=ansible | TASK [Install apache] **********************************************************************************
2022-05-19 16:28:07,853 p=24144 u=vagrant n=ansible | ok: [192.168.56.95]
2022-05-19 16:28:07,864 p=24144 u=vagrant n=ansible | ok: [192.168.56.96]
2022-05-19 16:28:07,872 p=24144 u=vagrant n=ansible | TASK [syart apache daemon] *****************************************************************************
2022-05-19 16:28:08,353 p=24144 u=vagrant n=ansible | ok: [192.168.56.95]
2022-05-19 16:28:08,367 p=24144 u=vagrant n=ansible | ok: [192.168.56.96]
2022-05-19 16:28:08,369 p=24144 u=vagrant n=ansible | PLAY RECAP *********************************************************************************************
2022-05-19 16:28:08,369 p=24144 u=vagrant n=ansible | 192.168.56.95              : ok=7    changed=1    unreachable=0    failed=0    skipped=1    rescued=0    ignored=0   
2022-05-19 16:28:08,369 p=24144 u=vagrant n=ansible | 192.168.56.96              : ok=7    changed=1    unreachable=0    failed=0    skipped=1    rescued=0    ignored=0   
2022-05-24 01:05:58,925 p=2511 u=vagrant n=ansible | web1 | SUCCESS => {
    "ansible_facts": {
        "discovered_interpreter_python": "/usr/bin/python"
    }, 
    "changed": false, 
    "ping": "pong"
}
2022-05-24 01:05:58,935 p=2511 u=vagrant n=ansible | db1 | SUCCESS => {
    "ansible_facts": {
        "discovered_interpreter_python": "/usr/bin/python"
    }, 
    "changed": false, 
    "ping": "pong"
}
2022-05-24 01:05:58,935 p=2511 u=vagrant n=ansible | 192.168.56.95 | SUCCESS => {
    "ansible_facts": {
        "discovered_interpreter_python": "/usr/bin/python"
    }, 
    "changed": false, 
    "ping": "pong"
}
2022-05-24 01:05:58,938 p=2511 u=vagrant n=ansible | 192.168.56.96 | SUCCESS => {
    "ansible_facts": {
        "discovered_interpreter_python": "/usr/bin/python"
    }, 
    "changed": false, 
    "ping": "pong"
}
